Running php-build composer
WARNING! Your password will be stored unencrypted in /home/runner/.docker/config.json.
Configure a credential helper to remove this warning. See
https://docs.docker.com/engine/reference/commandline/login/#credentials-store

Login Succeeded
Pulling docker.pkg.github.com/craigiswayne/wp-azure-application-insights/php-actions_composer_wp-azure-application-insights:php-8.2-build2.1.0
Error response from daemon: manifest unknown
Dockerfile:
FROM php:8.2-cli-alpine
RUN apk add --update --no-cache bash coreutils git make openssh patch unzip zip
#0 building with "default" instance using docker driver

#1 [internal] load .dockerignore
#1 transferring context: 2B done
#1 DONE 0.0s

#2 [internal] load build definition from Dockerfile-php-build
#2 transferring dockerfile: 151B done
#2 DONE 0.0s

#3 [auth] library/php:pull token for registry-1.docker.io
#3 DONE 0.0s

#4 [internal] load metadata for docker.io/library/php:8.2-cli-alpine
#4 DONE 0.6s

#5 [1/2] FROM docker.io/library/php:8.2-cli-alpine@sha256:7fbb068491c148a0890f30dad21b6b59fcf20b5def6988add34bb61c8bf1c175
#5 DONE 0.0s

#6 importing cache manifest from docker.pkg.github.com/craigiswayne/wp-azure-application-insights/php-actions_composer_wp-azure-application-insights:php-8.2-build2.1.0
#6 ERROR: failed to configure registry cache importer: pulling from host docker.pkg.github.com failed with status code [manifests php-8.2-build2.1.0]: 401 Unauthorized

#5 [1/2] FROM docker.io/library/php:8.2-cli-alpine@sha256:7fbb068491c148a0890f30dad21b6b59fcf20b5def6988add34bb61c8bf1c175
#5 resolve docker.io/library/php:8.2-cli-alpine@sha256:7fbb068491c148a0890f30dad21b6b59fcf20b5def6988add34bb61c8bf1c175 done
#5 extracting sha256:9b9ef19a461f9d419fc91c59399a9daa1f3302d30f099065a185a8bfeea3c9a8
#5 sha256:10aa3c605c80d5ef22d9b90e202f0eac46b78efaa4a92c37b5b9699fdbbec61f 0B / 16.86MB 0.1s
#5 sha256:9b9ef19a461f9d419fc91c59399a9daa1f3302d30f099065a185a8bfeea3c9a8 2.76MB / 2.76MB 0.1s done
#5 sha256:47a4aa92ed6361a95da0e916e30e661754a1edf38c0b8b15bee6872d055e3603 268B / 268B 0.1s done
#5 sha256:cd0dbc075989eba7f2459368ee1acde50328b69f2aa0b318773bf0c01294c1dd 0B / 12.11MB 0.1s
#5 sha256:0f2fc49c6a93ebf520a5ecba9c061dbdd22083df74d0de9dcac9011f3f927d9f 1.26kB / 1.26kB 0.1s done
#5 sha256:06f7ccdb7d34754d610213c860f5175342db1e2f9b455efcfcdd9a37513619a3 0B / 497B 0.1s
#5 sha256:7fbb068491c148a0890f30dad21b6b59fcf20b5def6988add34bb61c8bf1c175 1.65kB / 1.65kB done
#5 sha256:7518f3026951f0395f299b01b9c741b8882ff84f70d716610dea100d80aa6d85 2.20kB / 2.20kB done
#5 sha256:63a03d78a0de2674384bde76e7da5af021fd51192242b2a0531a1006adbe9b57 9.06kB / 9.06kB done
#5 sha256:10aa3c605c80d5ef22d9b90e202f0eac46b78efaa4a92c37b5b9699fdbbec61f 5.24MB / 16.86MB 0.2s
#5 sha256:06f7ccdb7d34754d610213c860f5175342db1e2f9b455efcfcdd9a37513619a3 497B / 497B 0.1s done
#5 sha256:8db3ff0829dc2a35f9d23b61514ea95fbd428d5df99e61b8c21c8eadfbf24409 0B / 2.45kB 0.2s
#5 sha256:10aa3c605c80d5ef22d9b90e202f0eac46b78efaa4a92c37b5b9699fdbbec61f 16.86MB / 16.86MB 0.3s
#5 sha256:cd0dbc075989eba7f2459368ee1acde50328b69f2aa0b318773bf0c01294c1dd 6.29MB / 12.11MB 0.3s
#5 sha256:8db3ff0829dc2a35f9d23b61514ea95fbd428d5df99e61b8c21c8eadfbf24409 2.45kB / 2.45kB 0.2s done
#5 sha256:e97a0979d591bfb435328ad34df15ec7a4dc86c8624e84bae2799cfa6e346298 19.29kB / 19.29kB 0.3s
#5 extracting sha256:9b9ef19a461f9d419fc91c59399a9daa1f3302d30f099065a185a8bfeea3c9a8 0.3s done
#5 sha256:10aa3c605c80d5ef22d9b90e202f0eac46b78efaa4a92c37b5b9699fdbbec61f 16.86MB / 16.86MB 0.3s done
#5 sha256:cd0dbc075989eba7f2459368ee1acde50328b69f2aa0b318773bf0c01294c1dd 12.11MB / 12.11MB 0.4s done
#5 sha256:e97a0979d591bfb435328ad34df15ec7a4dc86c8624e84bae2799cfa6e346298 19.29kB / 19.29kB 0.3s done
#5 extracting sha256:0f2fc49c6a93ebf520a5ecba9c061dbdd22083df74d0de9dcac9011f3f927d9f
#5 extracting sha256:0f2fc49c6a93ebf520a5ecba9c061dbdd22083df74d0de9dcac9011f3f927d9f done
#5 extracting sha256:47a4aa92ed6361a95da0e916e30e661754a1edf38c0b8b15bee6872d055e3603 done
#5 extracting sha256:cd0dbc075989eba7f2459368ee1acde50328b69f2aa0b318773bf0c01294c1dd 0.1s done
#5 extracting sha256:06f7ccdb7d34754d610213c860f5175342db1e2f9b455efcfcdd9a37513619a3 done
#5 extracting sha256:10aa3c605c80d5ef22d9b90e202f0eac46b78efaa4a92c37b5b9699fdbbec61f 0.1s
#5 extracting sha256:10aa3c605c80d5ef22d9b90e202f0eac46b78efaa4a92c37b5b9699fdbbec61f 0.5s done
#5 extracting sha256:8db3ff0829dc2a35f9d23b61514ea95fbd428d5df99e61b8c21c8eadfbf24409
#5 extracting sha256:8db3ff0829dc2a35f9d23b61514ea95fbd428d5df99e61b8c21c8eadfbf24409 done
#5 extracting sha256:e97a0979d591bfb435328ad34df15ec7a4dc86c8624e84bae2799cfa6e346298 done
#5 DONE 1.7s

#7 [2/2] RUN apk add --update --no-cache bash coreutils git make openssh patch unzip zip
#7 0.584 fetch https://dl-cdn.alpinelinux.org/alpine/v3.19/main/x86_64/APKINDEX.tar.gz
#7 0.701 fetch https://dl-cdn.alpinelinux.org/alpine/v3.19/community/x86_64/APKINDEX.tar.gz
#7 0.955 (1/23) Installing bash (5.2.21-r0)
#7 0.972 Executing bash-5.2.21-r0.post-install
#7 0.974 (2/23) Installing coreutils-env (9.4-r2)
#7 0.977 (3/23) Installing coreutils-fmt (9.4-r2)
#7 0.980 (4/23) Installing coreutils-sha512sum (9.4-r2)
#7 0.983 (5/23) Installing libattr (2.5.1-r5)
#7 0.985 (6/23) Installing skalibs (2.14.0.1-r0)
#7 0.989 (7/23) Installing utmps-libs (0.1.2.2-r0)
#7 0.992 (8/23) Installing coreutils (9.4-r2)
#7 1.013 (9/23) Installing libexpat (2.6.0-r0)
#7 1.017 (10/23) Installing pcre2 (10.42-r2)
#7 1.026 (11/23) Installing git (2.43.0-r0)
#7 1.083 (12/23) Installing make (4.4.1-r2)
#7 1.087 (13/23) Installing openssh-keygen (9.6_p1-r0)
#7 1.095 (14/23) Installing libedit (20230828.3.1-r3)
#7 1.099 (15/23) Installing openssh-client-common (9.6_p1-r0)
#7 1.118 (16/23) Installing openssh-client-default (9.6_p1-r0)
#7 1.128 (17/23) Installing openssh-sftp-server (9.6_p1-r0)
#7 1.133 (18/23) Installing openssh-server-common (9.6_p1-r0)
#7 1.140 (19/23) Installing openssh-server (9.6_p1-r0)
#7 1.150 (20/23) Installing openssh (9.6_p1-r0)
#7 1.157 (21/23) Installing patch (2.7.6-r10)
#7 1.161 (22/23) Installing unzip (6.0-r14)
#7 1.168 (23/23) Installing zip (3.0-r12)
#7 1.176 Executing busybox-1.36.1-r15.trigger
#7 1.191 OK: 35 MiB in 61 packages
#7 DONE 1.3s

#8 exporting to image
#8 exporting layers
#8 exporting layers 0.5s done
#8 writing image sha256:1125341920eeef70848b88a3fd5a0d930bf2f3cc271a0748303bc9a463d915ad done
#8 naming to docker.pkg.github.com/craigiswayne/wp-azure-application-insights/php-actions_composer_wp-azure-application-insights:php-8.2-build2.1.0 done
#8 DONE 0.5s
------
 > importing cache manifest from docker.pkg.github.com/craigiswayne/wp-azure-application-insights/php-actions_composer_wp-azure-application-insights:php-8.2-build2.1.0:
------
The push refers to repository [docker.pkg.github.com/craigiswayne/wp-azure-application-insights/php-actions_composer_wp-azure-application-insights]
6d2b935ca754: Preparing
c3e71ddedef7: Preparing
3f9672404094: Preparing
58a2803747eb: Preparing
2821dc3b5e9f: Preparing
42d98461d444: Preparing
1f8ece235be5: Preparing
6402421f0ba9: Preparing
0168f4308592: Preparing
d4fc045c9e3a: Preparing
42d98461d444: Waiting
6402421f0ba9: Waiting
0168f4308592: Waiting
1f8ece235be5: Waiting
d4fc045c9e3a: Waiting
denied: installation not allowed to Create organization package
WARNING: Failed to push Docker image to "docker.pkg.github.com/craigiswayne/wp-azure-application-insights/php-actions_composer_wp-azure-application-insights:php-8.2-build2.1.0", this is probably due to missing permissions on GitHub.
Will continue as this is just an optimization to improve speed of next build.
Docker tag: docker.pkg.github.com/craigiswayne/wp-azure-application-insights/php-actions_composer_wp-azure-application-insights:php-8.2-build2.1.0
No private keys supplied
Command: composer install --no-progress --no-interaction
Skipping env variable PHP_VERSION
Skipping env variable PWD
Skipping env variable HOME
Skipping env variable SHLVL
Skipping env variable PATH
